<?xml version="1.0" encoding="UTF-8"?>
<!-- Generated by org.testng.reporters.JUnitXMLReporter -->
<testsuite ignored="0" hostname="Mac.bbrouter" failures="0" tests="5" name="Default test" time="8.724" errors="0" timestamp="2025-09-06T20:25:14 IST">
  <testcase classname="testcases.ProductDataDrivenTest" name="testAddNewProduct" time="2.014"/>
  <testcase classname="testcases.ProductDataDrivenTest" name="testAddNewProduct" time="1.159"/>
  <testcase classname="testcases.ProductDataDrivenTest" name="testAddNewProduct" time="3.099"/>
  <testcase classname="testcases.ProductDataDrivenTest" name="testAddNewProduct" time="0.649"/>
  <testcase classname="testcases.ProductDataDrivenTest" name="testAddNewProduct" time="1.485"/>
</testsuite> <!-- Default test -->
