<?xml version="1.0" encoding="UTF-8"?>
<testng-results ignored="0" total="1" passed="1" failed="0" skipped="0">
  <reporter-output>
  </reporter-output>
  <suite started-at="2024-12-28T18:00:57 IST" name="Default suite" finished-at="2024-12-28T18:00:58 IST" duration-ms="784">
    <groups>
    </groups>
    <test started-at="2024-12-28T18:00:57 IST" name="Default test" finished-at="2024-12-28T18:00:58 IST" duration-ms="784">
      <class name="com.api.test.AccountCreationTest">
        <test-method signature="createAccountTest()[pri:0, instance:com.api.test.AccountCreationTest@564fabc8]" started-at="2024-12-28T18:00:57 IST" name="createAccountTest" description="Verify if login API is working.." finished-at="2024-12-28T18:00:58 IST" duration-ms="769" status="PASS">
          <reporter-output>
          </reporter-output>
        </test-method> <!-- createAccountTest -->
      </class> <!-- com.api.test.AccountCreationTest -->
    </test> <!-- Default test -->
  </suite> <!-- Default suite -->
</testng-results>
