<?xml version="1.0" encoding="UTF-8"?>
<!-- Generated by org.testng.reporters.JUnitReportReporter -->
<testsuite hostname="Mac.bbrouter" failures="0" tests="5" name="testcases.ProductDataDrivenTest" time="8.406" errors="0" timestamp="2025-09-06T20:25:14 IST" skipped="0">
  <testcase classname="testcases.ProductDataDrivenTest" name="testAddNewProduct" time="0.649"/>
  <testcase classname="testcases.ProductDataDrivenTest" name="testAddNewProduct" time="2.014"/>
  <testcase classname="testcases.ProductDataDrivenTest" name="testAddNewProduct" time="3.099"/>
  <testcase classname="testcases.ProductDataDrivenTest" name="testAddNewProduct" time="1.485"/>
  <testcase classname="testcases.ProductDataDrivenTest" name="testAddNewProduct" time="1.159"/>
</testsuite> <!-- testcases.ProductDataDrivenTest -->
